<?xml version="1.0" encoding="UTF-8"?>
<!-- Generated by org.testng.reporters.JUnitReportReporter -->
<testsuite hostname="DESKTOP-C42QD54" failures="1" tests="2" name="com.noorteck.qa.runners.RegressionTestRunner" time="63.380" errors="0" timestamp="2020-08-22T11:46:59 EDT" skipped="0">
  <testcase classname="com.noorteck.qa.runners.RegressionTestRunner" name="runScenario" time="29.043"/>
  <system-out/>
  <testcase classname="com.noorteck.qa.runners.RegressionTestRunner" name="runScenario" time="34.337">
    <failure message="Element does not exits, it is not displayed: Proxy element for: DefaultElementLocator &#039;By.id: txtUsername&#039; expected [true] but found [false]" type="java.lang.AssertionError">
      <![CDATA[java.lang.AssertionError: Element does not exits, it is not displayed: Proxy element for: DefaultElementLocator 'By.id: txtUsername' expected [true] but found [false]
at org.testng.Assert.fail(Assert.java:97)
at org.testng.Assert.failNotEquals(Assert.java:969)
at org.testng.Assert.assertTrue(Assert.java:43)
at com.noorteck.qa.utils.CommonUI.isDisplayed(CommonUI.java:91)
at com.noorteck.qa.utils.CommonUI.enter(CommonUI.java:294)
at com.noorteck.qa.pages.LoginPage.enterUserName(LoginPage.java:32)
at com.noorteck.qa.steps.LoginStepDefinition.enterCredentials(LoginStepDefinition.java:20)
at âœ½.User enters valid credentials(file:///C:/Users/Owner/eclipse-workspace/noorteck-bdd/src/test/resources/ntk360/SmokeTest.feature:35)
]]>
    </failure>
  </testcase> <!-- runScenario -->
  <system-out/>
</testsuite> <!-- com.noorteck.qa.runners.RegressionTestRunner -->
